<?xml version="1.0" encoding="UTF-8"?>
<testsuite xmlns:xsi="http://www.w3.org/2001/XMLSchema-instance" xsi:noNamespaceSchemaLocation="https://maven.apache.org/surefire/maven-surefire-plugin/xsd/surefire-test-report.xsd" name="com.expert.system.TestDroolsTest" time="0.207" tests="4" errors="0" skipped="0" failures="0">
  <properties>
    <property name="java.specification.version" value="17"/>
    <property name="sun.jnu.encoding" value="UTF-8"/>
    <property name="java.class.path" value="/Users/wer8377/Documents/School/AIS/expertSystem/expert_system/target/test-classes:/Users/wer8377/Documents/School/AIS/expertSystem/expert_system/target/classes:/Users/wer8377/.m2/repository/junit/junit/4.11/junit-4.11.jar:/Users/wer8377/.m2/repository/org/hamcrest/hamcrest-core/1.3/hamcrest-core-1.3.jar:/Users/wer8377/.m2/repository/org/kie/kie-api/6.0.1.Final/kie-api-6.0.1.Final.jar:/Users/wer8377/.m2/repository/org/slf4j/slf4j-api/1.7.2/slf4j-api-1.7.2.jar:/Users/wer8377/.m2/repository/org/drools/drools-core/6.0.1.Final/drools-core-6.0.1.Final.jar:/Users/wer8377/.m2/repository/org/mvel/mvel2/2.1.8.Final/mvel2-2.1.8.Final.jar:/Users/wer8377/.m2/repository/org/kie/kie-internal/6.0.1.Final/kie-internal-6.0.1.Final.jar:/Users/wer8377/.m2/repository/org/drools/drools-compiler/6.0.1.Final/drools-compiler-6.0.1.Final.jar:/Users/wer8377/.m2/repository/org/antlr/antlr-runtime/3.5/antlr-runtime-3.5.jar:/Users/wer8377/.m2/repository/org/eclipse/jdt/core/compiler/ecj/3.7.2/ecj-3.7.2.jar:/Users/wer8377/.m2/repository/com/thoughtworks/xstream/xstream/1.4.3/xstream-1.4.3.jar:/Users/wer8377/.m2/repository/xmlpull/xmlpull/1.1.3.1/xmlpull-1.1.3.1.jar:/Users/wer8377/.m2/repository/xpp3/xpp3_min/1.1.4c/xpp3_min-1.1.4c.jar:/Users/wer8377/.m2/repository/com/google/protobuf/protobuf-java/2.5.0/protobuf-java-2.5.0.jar:/Users/wer8377/.m2/repository/org/kie/kie-ci/6.0.1.Final/kie-ci-6.0.1.Final.jar:/Users/wer8377/.m2/repository/org/apache/maven/maven-core/3.0.5/maven-core-3.0.5.jar:/Users/wer8377/.m2/repository/org/apache/maven/maven-settings/3.0.5/maven-settings-3.0.5.jar:/Users/wer8377/.m2/repository/org/apache/maven/maven-settings-builder/3.0.5/maven-settings-builder-3.0.5.jar:/Users/wer8377/.m2/repository/org/apache/maven/maven-repository-metadata/3.0.5/maven-repository-metadata-3.0.5.jar:/Users/wer8377/.m2/repository/org/apache/maven/maven-artifact/3.0.5/maven-artifact-3.0.5.jar:/Users/wer8377/.m2/repository/org/apache/maven/maven-plugin-api/3.0.5/maven-plugin-api-3.0.5.jar:/Users/wer8377/.m2/repository/org/apache/maven/maven-model-builder/3.0.5/maven-model-builder-3.0.5.jar:/Users/wer8377/.m2/repository/org/apache/maven/maven-aether-provider/3.0.5/maven-aether-provider-3.0.5.jar:/Users/wer8377/.m2/repository/org/sonatype/sisu/sisu-inject-plexus/2.3.0/sisu-inject-plexus-2.3.0.jar:/Users/wer8377/.m2/repository/org/sonatype/sisu/sisu-inject-bean/2.3.0/sisu-inject-bean-2.3.0.jar:/Users/wer8377/.m2/repository/org/sonatype/sisu/sisu-guice/3.1.0/sisu-guice-3.1.0-no_aop.jar:/Users/wer8377/.m2/repository/org/sonatype/sisu/sisu-guava/0.9.9/sisu-guava-0.9.9.jar:/Users/wer8377/.m2/repository/org/codehaus/plexus/plexus-interpolation/1.14/plexus-interpolation-1.14.jar:/Users/wer8377/.m2/repository/org/codehaus/plexus/plexus-utils/2.0.6/plexus-utils-2.0.6.jar:/Users/wer8377/.m2/repository/org/codehaus/plexus/plexus-classworlds/2.4/plexus-classworlds-2.4.jar:/Users/wer8377/.m2/repository/org/codehaus/plexus/plexus-component-annotations/1.5.5/plexus-component-annotations-1.5.5.jar:/Users/wer8377/.m2/repository/org/sonatype/plexus/plexus-sec-dispatcher/1.3/plexus-sec-dispatcher-1.3.jar:/Users/wer8377/.m2/repository/org/sonatype/plexus/plexus-cipher/1.4/plexus-cipher-1.4.jar:/Users/wer8377/.m2/repository/org/apache/maven/maven-model/3.0.5/maven-model-3.0.5.jar:/Users/wer8377/.m2/repository/org/apache/maven/maven-compat/3.0.5/maven-compat-3.0.5.jar:/Users/wer8377/.m2/repository/org/apache/maven/wagon/wagon-provider-api/2.4/wagon-provider-api-2.4.jar:/Users/wer8377/.m2/repository/org/sonatype/aether/aether-api/1.13.1/aether-api-1.13.1.jar:/Users/wer8377/.m2/repository/org/sonatype/aether/aether-util/1.13.1/aether-util-1.13.1.jar:/Users/wer8377/.m2/repository/org/sonatype/aether/aether-impl/1.13.1/aether-impl-1.13.1.jar:/Users/wer8377/.m2/repository/org/sonatype/aether/aether-spi/1.13.1/aether-spi-1.13.1.jar:/Users/wer8377/.m2/repository/org/sonatype/aether/aether-connector-wagon/1.13.1/aether-connector-wagon-1.13.1.jar:/Users/wer8377/.m2/repository/org/sonatype/aether/aether-connector-file/1.13.1/aether-connector-file-1.13.1.jar:/Users/wer8377/.m2/repository/org/sonatype/maven/wagon-ahc/1.2.1/wagon-ahc-1.2.1.jar:/Users/wer8377/.m2/repository/com/ning/async-http-client/1.6.5/async-http-client-1.6.5.jar:/Users/wer8377/.m2/repository/org/jboss/netty/netty/3.2.5.Final/netty-3.2.5.Final.jar:/Users/wer8377/.m2/repository/org/apache/ant/ant/1.8.2/ant-1.8.2.jar:/Users/wer8377/.m2/repository/org/apache/ant/ant-launcher/1.8.2/ant-launcher-1.8.2.jar:/Users/wer8377/.m2/repository/org/drools/drools-decisiontables/6.0.1.Final/drools-decisiontables-6.0.1.Final.jar:/Users/wer8377/.m2/repository/org/drools/drools-templates/6.0.1.Final/drools-templates-6.0.1.Final.jar:/Users/wer8377/.m2/repository/org/apache/poi/poi-ooxml/3.9/poi-ooxml-3.9.jar:/Users/wer8377/.m2/repository/org/apache/poi/poi/3.9/poi-3.9.jar:/Users/wer8377/.m2/repository/commons-codec/commons-codec/1.5/commons-codec-1.5.jar:/Users/wer8377/.m2/repository/org/apache/poi/poi-ooxml-schemas/3.9/poi-ooxml-schemas-3.9.jar:/Users/wer8377/.m2/repository/org/apache/xmlbeans/xmlbeans/2.3.0/xmlbeans-2.3.0.jar:/Users/wer8377/.m2/repository/stax/stax-api/1.0.1/stax-api-1.0.1.jar:/Users/wer8377/.m2/repository/dom4j/dom4j/1.6.1/dom4j-1.6.1.jar:/Users/wer8377/.m2/repository/xml-apis/xml-apis/1.0.b2/xml-apis-1.0.b2.jar:/Users/wer8377/.m2/repository/org/assertj/assertj-core/3.11.1/assertj-core-3.11.1.jar:"/>
    <property name="java.vm.vendor" value="Homebrew"/>
    <property name="sun.arch.data.model" value="64"/>
    <property name="java.vendor.url" value="https://github.com/Homebrew/homebrew-core/issues"/>
    <property name="os.name" value="Mac OS X"/>
    <property name="java.vm.specification.version" value="17"/>
    <property name="sun.java.launcher" value="SUN_STANDARD"/>
    <property name="user.country" value="US"/>
    <property name="sun.boot.library.path" value="/usr/local/Cellar/openjdk/17.0.1_1/libexec/openjdk.jdk/Contents/Home/lib"/>
    <property name="sun.java.command" value="/Users/wer8377/Documents/School/AIS/expertSystem/expert_system/target/surefire/surefirebooter10479625929154925023.jar /Users/wer8377/Documents/School/AIS/expertSystem/expert_system/target/surefire 2022-03-29T20-53-15_555-jvmRun1 surefire5646493312972806765tmp surefire_0888042720950291893tmp"/>
    <property name="http.nonProxyHosts" value="local|*.local|169.254/16|*.169.254/16"/>
    <property name="jdk.debug" value="release"/>
    <property name="surefire.test.class.path" value="/Users/wer8377/Documents/School/AIS/expertSystem/expert_system/target/test-classes:/Users/wer8377/Documents/School/AIS/expertSystem/expert_system/target/classes:/Users/wer8377/.m2/repository/junit/junit/4.11/junit-4.11.jar:/Users/wer8377/.m2/repository/org/hamcrest/hamcrest-core/1.3/hamcrest-core-1.3.jar:/Users/wer8377/.m2/repository/org/kie/kie-api/6.0.1.Final/kie-api-6.0.1.Final.jar:/Users/wer8377/.m2/repository/org/slf4j/slf4j-api/1.7.2/slf4j-api-1.7.2.jar:/Users/wer8377/.m2/repository/org/drools/drools-core/6.0.1.Final/drools-core-6.0.1.Final.jar:/Users/wer8377/.m2/repository/org/mvel/mvel2/2.1.8.Final/mvel2-2.1.8.Final.jar:/Users/wer8377/.m2/repository/org/kie/kie-internal/6.0.1.Final/kie-internal-6.0.1.Final.jar:/Users/wer8377/.m2/repository/org/drools/drools-compiler/6.0.1.Final/drools-compiler-6.0.1.Final.jar:/Users/wer8377/.m2/repository/org/antlr/antlr-runtime/3.5/antlr-runtime-3.5.jar:/Users/wer8377/.m2/repository/org/eclipse/jdt/core/compiler/ecj/3.7.2/ecj-3.7.2.jar:/Users/wer8377/.m2/repository/com/thoughtworks/xstream/xstream/1.4.3/xstream-1.4.3.jar:/Users/wer8377/.m2/repository/xmlpull/xmlpull/1.1.3.1/xmlpull-1.1.3.1.jar:/Users/wer8377/.m2/repository/xpp3/xpp3_min/1.1.4c/xpp3_min-1.1.4c.jar:/Users/wer8377/.m2/repository/com/google/protobuf/protobuf-java/2.5.0/protobuf-java-2.5.0.jar:/Users/wer8377/.m2/repository/org/kie/kie-ci/6.0.1.Final/kie-ci-6.0.1.Final.jar:/Users/wer8377/.m2/repository/org/apache/maven/maven-core/3.0.5/maven-core-3.0.5.jar:/Users/wer8377/.m2/repository/org/apache/maven/maven-settings/3.0.5/maven-settings-3.0.5.jar:/Users/wer8377/.m2/repository/org/apache/maven/maven-settings-builder/3.0.5/maven-settings-builder-3.0.5.jar:/Users/wer8377/.m2/repository/org/apache/maven/maven-repository-metadata/3.0.5/maven-repository-metadata-3.0.5.jar:/Users/wer8377/.m2/repository/org/apache/maven/maven-artifact/3.0.5/maven-artifact-3.0.5.jar:/Users/wer8377/.m2/repository/org/apache/maven/maven-plugin-api/3.0.5/maven-plugin-api-3.0.5.jar:/Users/wer8377/.m2/repository/org/apache/maven/maven-model-builder/3.0.5/maven-model-builder-3.0.5.jar:/Users/wer8377/.m2/repository/org/apache/maven/maven-aether-provider/3.0.5/maven-aether-provider-3.0.5.jar:/Users/wer8377/.m2/repository/org/sonatype/sisu/sisu-inject-plexus/2.3.0/sisu-inject-plexus-2.3.0.jar:/Users/wer8377/.m2/repository/org/sonatype/sisu/sisu-inject-bean/2.3.0/sisu-inject-bean-2.3.0.jar:/Users/wer8377/.m2/repository/org/sonatype/sisu/sisu-guice/3.1.0/sisu-guice-3.1.0-no_aop.jar:/Users/wer8377/.m2/repository/org/sonatype/sisu/sisu-guava/0.9.9/sisu-guava-0.9.9.jar:/Users/wer8377/.m2/repository/org/codehaus/plexus/plexus-interpolation/1.14/plexus-interpolation-1.14.jar:/Users/wer8377/.m2/repository/org/codehaus/plexus/plexus-utils/2.0.6/plexus-utils-2.0.6.jar:/Users/wer8377/.m2/repository/org/codehaus/plexus/plexus-classworlds/2.4/plexus-classworlds-2.4.jar:/Users/wer8377/.m2/repository/org/codehaus/plexus/plexus-component-annotations/1.5.5/plexus-component-annotations-1.5.5.jar:/Users/wer8377/.m2/repository/org/sonatype/plexus/plexus-sec-dispatcher/1.3/plexus-sec-dispatcher-1.3.jar:/Users/wer8377/.m2/repository/org/sonatype/plexus/plexus-cipher/1.4/plexus-cipher-1.4.jar:/Users/wer8377/.m2/repository/org/apache/maven/maven-model/3.0.5/maven-model-3.0.5.jar:/Users/wer8377/.m2/repository/org/apache/maven/maven-compat/3.0.5/maven-compat-3.0.5.jar:/Users/wer8377/.m2/repository/org/apache/maven/wagon/wagon-provider-api/2.4/wagon-provider-api-2.4.jar:/Users/wer8377/.m2/repository/org/sonatype/aether/aether-api/1.13.1/aether-api-1.13.1.jar:/Users/wer8377/.m2/repository/org/sonatype/aether/aether-util/1.13.1/aether-util-1.13.1.jar:/Users/wer8377/.m2/repository/org/sonatype/aether/aether-impl/1.13.1/aether-impl-1.13.1.jar:/Users/wer8377/.m2/repository/org/sonatype/aether/aether-spi/1.13.1/aether-spi-1.13.1.jar:/Users/wer8377/.m2/repository/org/sonatype/aether/aether-connector-wagon/1.13.1/aether-connector-wagon-1.13.1.jar:/Users/wer8377/.m2/repository/org/sonatype/aether/aether-connector-file/1.13.1/aether-connector-file-1.13.1.jar:/Users/wer8377/.m2/repository/org/sonatype/maven/wagon-ahc/1.2.1/wagon-ahc-1.2.1.jar:/Users/wer8377/.m2/repository/com/ning/async-http-client/1.6.5/async-http-client-1.6.5.jar:/Users/wer8377/.m2/repository/org/jboss/netty/netty/3.2.5.Final/netty-3.2.5.Final.jar:/Users/wer8377/.m2/repository/org/apache/ant/ant/1.8.2/ant-1.8.2.jar:/Users/wer8377/.m2/repository/org/apache/ant/ant-launcher/1.8.2/ant-launcher-1.8.2.jar:/Users/wer8377/.m2/repository/org/drools/drools-decisiontables/6.0.1.Final/drools-decisiontables-6.0.1.Final.jar:/Users/wer8377/.m2/repository/org/drools/drools-templates/6.0.1.Final/drools-templates-6.0.1.Final.jar:/Users/wer8377/.m2/repository/org/apache/poi/poi-ooxml/3.9/poi-ooxml-3.9.jar:/Users/wer8377/.m2/repository/org/apache/poi/poi/3.9/poi-3.9.jar:/Users/wer8377/.m2/repository/commons-codec/commons-codec/1.5/commons-codec-1.5.jar:/Users/wer8377/.m2/repository/org/apache/poi/poi-ooxml-schemas/3.9/poi-ooxml-schemas-3.9.jar:/Users/wer8377/.m2/repository/org/apache/xmlbeans/xmlbeans/2.3.0/xmlbeans-2.3.0.jar:/Users/wer8377/.m2/repository/stax/stax-api/1.0.1/stax-api-1.0.1.jar:/Users/wer8377/.m2/repository/dom4j/dom4j/1.6.1/dom4j-1.6.1.jar:/Users/wer8377/.m2/repository/xml-apis/xml-apis/1.0.b2/xml-apis-1.0.b2.jar:/Users/wer8377/.m2/repository/org/assertj/assertj-core/3.11.1/assertj-core-3.11.1.jar:"/>
    <property name="sun.cpu.endian" value="little"/>
    <property name="user.home" value="/Users/wer8377"/>
    <property name="user.language" value="en"/>
    <property name="java.specification.vendor" value="Oracle Corporation"/>
    <property name="java.version.date" value="2021-10-19"/>
    <property name="java.home" value="/usr/local/Cellar/openjdk/17.0.1_1/libexec/openjdk.jdk/Contents/Home"/>
    <property name="file.separator" value="/"/>
    <property name="basedir" value="/Users/wer8377/Documents/School/AIS/expertSystem/expert_system"/>
    <property name="java.vm.compressedOopsMode" value="Zero based"/>
    <property name="line.separator" value="&#10;"/>
    <property name="java.specification.name" value="Java Platform API Specification"/>
    <property name="java.vm.specification.vendor" value="Oracle Corporation"/>
    <property name="surefire.real.class.path" value="/Users/wer8377/Documents/School/AIS/expertSystem/expert_system/target/surefire/surefirebooter10479625929154925023.jar"/>
    <property name="sun.management.compiler" value="HotSpot 64-Bit Tiered Compilers"/>
    <property name="ftp.nonProxyHosts" value="local|*.local|169.254/16|*.169.254/16"/>
    <property name="java.runtime.version" value="17.0.1+1"/>
    <property name="user.name" value="wer8377"/>
    <property name="path.separator" value=":"/>
    <property name="os.version" value="12.2.1"/>
    <property name="java.runtime.name" value="OpenJDK Runtime Environment"/>
    <property name="file.encoding" value="UTF-8"/>
    <property name="java.vm.name" value="OpenJDK 64-Bit Server VM"/>
    <property name="java.vendor.version" value="Homebrew"/>
    <property name="localRepository" value="/Users/wer8377/.m2/repository"/>
    <property name="java.vendor.url.bug" value="https://github.com/Homebrew/homebrew-core/issues"/>
    <property name="java.io.tmpdir" value="/var/folders/1p/snl70q595wgg2qmdj1wmstbr0000gn/T/"/>
    <property name="java.version" value="17.0.1"/>
    <property name="user.dir" value="/Users/wer8377/Documents/School/AIS/expertSystem/expert_system"/>
    <property name="os.arch" value="x86_64"/>
    <property name="java.vm.specification.name" value="Java Virtual Machine Specification"/>
    <property name="native.encoding" value="UTF-8"/>
    <property name="java.library.path" value="/Users/wer8377/Library/Java/Extensions:/Library/Java/Extensions:/Network/Library/Java/Extensions:/System/Library/Java/Extensions:/usr/lib/java:."/>
    <property name="java.vm.info" value="mixed mode, sharing"/>
    <property name="java.vendor" value="Homebrew"/>
    <property name="java.vm.version" value="17.0.1+1"/>
    <property name="sun.io.unicode.encoding" value="UnicodeBig"/>
    <property name="socksNonProxyHosts" value="local|*.local|169.254/16|*.169.254/16"/>
    <property name="java.class.version" value="61.0"/>
  </properties>
  <testcase name="testFossilFound" classname="com.expert.system.TestDroolsTest" time="0.177"/>
  <testcase name="testCrystalsFound" classname="com.expert.system.TestDroolsTest" time="0.002"/>
  <testcase name="testHolesIdentified" classname="com.expert.system.TestDroolsTest" time="0.003"/>
  <testcase name="testObsidian" classname="com.expert.system.TestDroolsTest" time="0.001"/>
</testsuite>